<?xml version="1.0" encoding="UTF-8"?>
<testsuite name="StringUtilsTest" tests="1" skipped="0" failures="0" errors="0" timestamp="2021-06-04T10:11:35" hostname="DESKTOP-NT7JKED" time="0.026">
  <properties/>
  <testcase name="isPositiveNumber()" classname="StringUtilsTest" time="0.026"/>
  <system-out><![CDATA[]]></system-out>
  <system-err><![CDATA[]]></system-err>
</testsuite>
